[11:46:24] [Client thread/INFO]: Setting user: Player269
[11:46:33] [Client thread/INFO]: LWJGL Version: 2.9.1
[11:46:42] [Client thread/INFO]: Reloading ResourceManager: Default, FMLFileResourcePack:Forge Mod Loader, FMLFileResourcePack:Minecraft Forge, FMLFileResourcePack:Example Mod, FMLFileResourcePack:tutorial
[11:46:44] [Sound Library Loader/INFO]: Starting up SoundSystem...
[11:46:45] [Thread-7/INFO]: Initializing LWJGL OpenAL
[11:46:45] [Thread-7/INFO]: (The LWJGL binding of OpenAL.  For more information, see http://www.lwjgl.org)
[11:46:45] [Thread-7/INFO]: OpenAL initialized.
[11:46:45] [Sound Library Loader/INFO]: Sound engine started
[11:46:52] [Client thread/INFO]: Created: 512x512 textures-atlas
[11:46:56] [Client thread/INFO]: Reloading ResourceManager: Default, FMLFileResourcePack:Forge Mod Loader, FMLFileResourcePack:Minecraft Forge, FMLFileResourcePack:Example Mod, FMLFileResourcePack:tutorial
[11:46:56] [Client thread/INFO]: SoundSystem shutting down...
[11:46:56] [Client thread/WARN]: Author: Paul Lamb, www.paulscode.com
[11:46:56] [Sound Library Loader/INFO]: Starting up SoundSystem...
[11:46:56] [Thread-9/INFO]: Initializing LWJGL OpenAL
[11:46:56] [Thread-9/INFO]: (The LWJGL binding of OpenAL.  For more information, see http://www.lwjgl.org)
[11:46:56] [Thread-9/INFO]: OpenAL initialized.
[11:46:57] [Sound Library Loader/INFO]: Sound engine started
[11:47:03] [Client thread/INFO]: Created: 512x512 textures-atlas
[11:48:19] [Client thread/INFO]: Stopping!
[11:48:19] [Client thread/INFO]: SoundSystem shutting down...
[11:48:19] [Client thread/WARN]: Author: Paul Lamb, www.paulscode.com
